<?xml version="1.0" encoding="UTF-8"?>
<coverage generated="1715491152221" clover="3.2.0">
  <project timestamp="1715491152221" name="All files">
    <metrics statements="561" coveredstatements="561" conditionals="182" coveredconditionals="182" methods="142" coveredmethods="142" elements="885" coveredelements="885" complexity="0" loc="561" ncloc="561" packages="22" files="57" classes="57"/>
    <package name="Applications.security">
      <metrics statements="7" coveredstatements="7" conditionals="0" coveredconditionals="0" methods="5" coveredmethods="5"/>
      <file name="AuthTokenManager.js" path="/Users/dikhiachmaddani/Documents/Project/idcamp/forum-app/src/Applications/security/AuthTokenManager.js">
        <metrics statements="5" coveredstatements="5" conditionals="0" coveredconditionals="0" methods="4" coveredmethods="4"/>
        <line num="4" count="1" type="stmt"/>
        <line num="8" count="1" type="stmt"/>
        <line num="12" count="1" type="stmt"/>
        <line num="16" count="1" type="stmt"/>
        <line num="20" count="10" type="stmt"/>
      </file>
      <file name="PasswordHash.js" path="/Users/dikhiachmaddani/Documents/Project/idcamp/forum-app/src/Applications/security/PasswordHash.js">
        <metrics statements="2" coveredstatements="2" conditionals="0" coveredconditionals="0" methods="1" coveredmethods="1"/>
        <line num="4" count="1" type="stmt"/>
        <line num="8" count="11" type="stmt"/>
      </file>
    </package>
    <package name="Applications.use_case">
      <metrics statements="78" coveredstatements="78" conditionals="4" coveredconditionals="4" methods="18" coveredmethods="18"/>
      <file name="AuthUseCase.js" path="/Users/dikhiachmaddani/Documents/Project/idcamp/forum-app/src/Applications/use_case/AuthUseCase.js">
        <metrics statements="25" coveredstatements="25" conditionals="0" coveredconditionals="0" methods="4" coveredmethods="4"/>
        <line num="1" count="8" type="stmt"/>
        <line num="2" count="8" type="stmt"/>
        <line num="3" count="8" type="stmt"/>
        <line num="7" count="8" type="stmt"/>
        <line num="8" count="8" type="stmt"/>
        <line num="9" count="8" type="stmt"/>
        <line num="10" count="8" type="stmt"/>
        <line num="14" count="7" type="stmt"/>
        <line num="16" count="5" type="stmt"/>
        <line num="19" count="4" type="stmt"/>
        <line num="21" count="3" type="stmt"/>
        <line num="22" count="3" type="stmt"/>
        <line num="26" count="3" type="stmt"/>
        <line num="31" count="3" type="stmt"/>
        <line num="35" count="3" type="stmt"/>
        <line num="37" count="3" type="stmt"/>
        <line num="41" count="8" type="stmt"/>
        <line num="43" count="4" type="stmt"/>
        <line num="44" count="3" type="stmt"/>
        <line num="45" count="2" type="stmt"/>
        <line num="48" count="2" type="stmt"/>
        <line num="52" count="7" type="stmt"/>
        <line num="54" count="3" type="stmt"/>
        <line num="55" count="2" type="stmt"/>
        <line num="59" count="8" type="stmt"/>
      </file>
      <file name="CommentsUseCase.js" path="/Users/dikhiachmaddani/Documents/Project/idcamp/forum-app/src/Applications/use_case/CommentsUseCase.js">
        <metrics statements="13" coveredstatements="13" conditionals="0" coveredconditionals="0" methods="3" coveredmethods="3"/>
        <line num="1" count="7" type="stmt"/>
        <line num="5" count="3" type="stmt"/>
        <line num="6" count="3" type="stmt"/>
        <line num="10" count="4" type="stmt"/>
        <line num="11" count="4" type="stmt"/>
        <line num="13" count="2" type="stmt"/>
        <line num="15" count="2" type="stmt"/>
        <line num="23" count="3" type="stmt"/>
        <line num="25" count="3" type="stmt"/>
        <line num="26" count="3" type="stmt"/>
        <line num="27" count="2" type="stmt"/>
        <line num="32" count="2" type="stmt"/>
        <line num="36" count="7" type="stmt"/>
      </file>
      <file name="RepliesUseCase.js" path="/Users/dikhiachmaddani/Documents/Project/idcamp/forum-app/src/Applications/use_case/RepliesUseCase.js">
        <metrics statements="16" coveredstatements="16" conditionals="0" coveredconditionals="0" methods="3" coveredmethods="3"/>
        <line num="1" count="7" type="stmt"/>
        <line num="5" count="3" type="stmt"/>
        <line num="6" count="3" type="stmt"/>
        <line num="7" count="3" type="stmt"/>
        <line num="11" count="4" type="stmt"/>
        <line num="13" count="4" type="stmt"/>
        <line num="14" count="4" type="stmt"/>
        <line num="16" count="4" type="stmt"/>
        <line num="17" count="2" type="stmt"/>
        <line num="25" count="3" type="stmt"/>
        <line num="27" count="3" type="stmt"/>
        <line num="28" count="3" type="stmt"/>
        <line num="29" count="3" type="stmt"/>
        <line num="31" count="2" type="stmt"/>
        <line num="33" count="2" type="stmt"/>
        <line num="37" count="7" type="stmt"/>
      </file>
      <file name="ThreadsUseCase.js" path="/Users/dikhiachmaddani/Documents/Project/idcamp/forum-app/src/Applications/use_case/ThreadsUseCase.js">
        <metrics statements="16" coveredstatements="16" conditionals="4" coveredconditionals="4" methods="6" coveredmethods="6"/>
        <line num="1" count="7" type="stmt"/>
        <line num="2" count="7" type="stmt"/>
        <line num="6" count="3" type="stmt"/>
        <line num="7" count="3" type="stmt"/>
        <line num="8" count="3" type="stmt"/>
        <line num="12" count="3" type="stmt"/>
        <line num="14" count="2" type="stmt"/>
        <line num="15" count="2" type="stmt"/>
        <line num="16" count="2" type="stmt"/>
        <line num="18" count="2" type="stmt"/>
        <line num="23" count="2" type="stmt"/>
        <line num="24" count="2" type="stmt"/>
        <line num="32" count="2" type="stmt"/>
        <line num="39" count="4" type="stmt"/>
        <line num="41" count="2" type="stmt"/>
        <line num="45" count="7" type="stmt"/>
      </file>
      <file name="UsersUseCase.js" path="/Users/dikhiachmaddani/Documents/Project/idcamp/forum-app/src/Applications/use_case/UsersUseCase.js">
        <metrics statements="8" coveredstatements="8" conditionals="0" coveredconditionals="0" methods="2" coveredmethods="2"/>
        <line num="1" count="6" type="stmt"/>
        <line num="5" count="2" type="stmt"/>
        <line num="6" count="2" type="stmt"/>
        <line num="10" count="4" type="stmt"/>
        <line num="12" count="4" type="stmt"/>
        <line num="13" count="4" type="stmt"/>
        <line num="15" count="4" type="stmt"/>
        <line num="19" count="6" type="stmt"/>
      </file>
    </package>
    <package name="Commons.exceptions">
      <metrics statements="27" coveredstatements="27" conditionals="5" coveredconditionals="5" methods="6" coveredmethods="6"/>
      <file name="AuthenticationError.js" path="/Users/dikhiachmaddani/Documents/Project/idcamp/forum-app/src/Commons/exceptions/AuthenticationError.js">
        <metrics statements="4" coveredstatements="4" conditionals="0" coveredconditionals="0" methods="1" coveredmethods="1"/>
        <line num="1" count="7" type="stmt"/>
        <line num="5" count="3" type="stmt"/>
        <line num="6" count="3" type="stmt"/>
        <line num="10" count="7" type="stmt"/>
      </file>
      <file name="AuthorizationError.js" path="/Users/dikhiachmaddani/Documents/Project/idcamp/forum-app/src/Commons/exceptions/AuthorizationError.js">
        <metrics statements="4" coveredstatements="4" conditionals="0" coveredconditionals="0" methods="1" coveredmethods="1"/>
        <line num="1" count="8" type="stmt"/>
        <line num="5" count="3" type="stmt"/>
        <line num="6" count="3" type="stmt"/>
        <line num="10" count="8" type="stmt"/>
      </file>
      <file name="ClientError.js" path="/Users/dikhiachmaddani/Documents/Project/idcamp/forum-app/src/Commons/exceptions/ClientError.js">
        <metrics statements="6" coveredstatements="6" conditionals="3" coveredconditionals="3" methods="1" coveredmethods="1"/>
        <line num="3" count="249" type="stmt"/>
        <line num="5" count="249" type="cond" truecount="2" falsecount="0"/>
        <line num="6" count="1" type="stmt"/>
        <line num="9" count="248" type="stmt"/>
        <line num="10" count="248" type="stmt"/>
        <line num="14" count="18" type="stmt"/>
      </file>
      <file name="DomainErrorTranslator.js" path="/Users/dikhiachmaddani/Documents/Project/idcamp/forum-app/src/Commons/exceptions/DomainErrorTranslator.js">
        <metrics statements="5" coveredstatements="5" conditionals="2" coveredconditionals="2" methods="1" coveredmethods="1"/>
        <line num="1" count="6" type="stmt"/>
        <line num="3" count="6" type="stmt"/>
        <line num="5" count="60" type="cond" truecount="2" falsecount="0"/>
        <line num="9" count="6" type="stmt"/>
        <line num="104" count="6" type="stmt"/>
      </file>
      <file name="InvariantError.js" path="/Users/dikhiachmaddani/Documents/Project/idcamp/forum-app/src/Commons/exceptions/InvariantError.js">
        <metrics statements="4" coveredstatements="4" conditionals="0" coveredconditionals="0" methods="1" coveredmethods="1"/>
        <line num="1" count="10" type="stmt"/>
        <line num="5" count="234" type="stmt"/>
        <line num="6" count="234" type="stmt"/>
        <line num="10" count="10" type="stmt"/>
      </file>
      <file name="NotFoundError.js" path="/Users/dikhiachmaddani/Documents/Project/idcamp/forum-app/src/Commons/exceptions/NotFoundError.js">
        <metrics statements="4" coveredstatements="4" conditionals="0" coveredconditionals="0" methods="1" coveredmethods="1"/>
        <line num="1" count="9" type="stmt"/>
        <line num="5" count="8" type="stmt"/>
        <line num="6" count="8" type="stmt"/>
        <line num="10" count="9" type="stmt"/>
      </file>
    </package>
    <package name="Domains.auth">
      <metrics statements="4" coveredstatements="4" conditionals="0" coveredconditionals="0" methods="3" coveredmethods="3"/>
      <file name="AuthRepository.js" path="/Users/dikhiachmaddani/Documents/Project/idcamp/forum-app/src/Domains/auth/AuthRepository.js">
        <metrics statements="4" coveredstatements="4" conditionals="0" coveredconditionals="0" methods="3" coveredmethods="3"/>
        <line num="4" count="1" type="stmt"/>
        <line num="8" count="1" type="stmt"/>
        <line num="12" count="1" type="stmt"/>
        <line num="16" count="10" type="stmt"/>
      </file>
    </package>
    <package name="Domains.auth.entities">
      <metrics statements="25" coveredstatements="25" conditionals="20" coveredconditionals="20" methods="6" coveredmethods="6"/>
      <file name="ValidateFieldLogin.js" path="/Users/dikhiachmaddani/Documents/Project/idcamp/forum-app/src/Domains/auth/entities/ValidateFieldLogin.js">
        <metrics statements="9" coveredstatements="9" conditionals="8" coveredconditionals="8" methods="2" coveredmethods="2"/>
        <line num="3" count="10" type="stmt"/>
        <line num="5" count="6" type="stmt"/>
        <line num="6" count="6" type="stmt"/>
        <line num="10" count="10" type="stmt"/>
        <line num="12" count="10" type="cond" truecount="4" falsecount="0"/>
        <line num="13" count="2" type="stmt"/>
        <line num="16" count="8" type="cond" truecount="4" falsecount="0"/>
        <line num="17" count="2" type="stmt"/>
        <line num="22" count="9" type="stmt"/>
      </file>
      <file name="ValidateFieldNewAuthToken.js" path="/Users/dikhiachmaddani/Documents/Project/idcamp/forum-app/src/Domains/auth/entities/ValidateFieldNewAuthToken.js">
        <metrics statements="8" coveredstatements="8" conditionals="8" coveredconditionals="8" methods="2" coveredmethods="2"/>
        <line num="3" count="8" type="stmt"/>
        <line num="5" count="6" type="stmt"/>
        <line num="6" count="6" type="stmt"/>
        <line num="10" count="8" type="cond" truecount="4" falsecount="0"/>
        <line num="11" count="1" type="stmt"/>
        <line num="14" count="7" type="cond" truecount="4" falsecount="0"/>
        <line num="15" count="1" type="stmt"/>
        <line num="20" count="9" type="stmt"/>
      </file>
      <file name="ValidateFieldRefreshToken.js" path="/Users/dikhiachmaddani/Documents/Project/idcamp/forum-app/src/Domains/auth/entities/ValidateFieldRefreshToken.js">
        <metrics statements="8" coveredstatements="8" conditionals="4" coveredconditionals="4" methods="2" coveredmethods="2"/>
        <line num="3" count="18" type="stmt"/>
        <line num="5" count="8" type="stmt"/>
        <line num="7" count="8" type="stmt"/>
        <line num="11" count="18" type="cond" truecount="2" falsecount="0"/>
        <line num="12" count="5" type="stmt"/>
        <line num="17" count="13" type="cond" truecount="2" falsecount="0"/>
        <line num="18" count="5" type="stmt"/>
        <line num="25" count="9" type="stmt"/>
      </file>
    </package>
    <package name="Domains.comments">
      <metrics statements="6" coveredstatements="6" conditionals="0" coveredconditionals="0" methods="5" coveredmethods="5"/>
      <file name="CommentsRepository.js" path="/Users/dikhiachmaddani/Documents/Project/idcamp/forum-app/src/Domains/comments/CommentsRepository.js">
        <metrics statements="6" coveredstatements="6" conditionals="0" coveredconditionals="0" methods="5" coveredmethods="5"/>
        <line num="4" count="1" type="stmt"/>
        <line num="8" count="1" type="stmt"/>
        <line num="12" count="1" type="stmt"/>
        <line num="16" count="1" type="stmt"/>
        <line num="20" count="1" type="stmt"/>
        <line num="24" count="13" type="stmt"/>
      </file>
    </package>
    <package name="Domains.comments.entities">
      <metrics statements="32" coveredstatements="32" conditionals="28" coveredconditionals="28" methods="6" coveredmethods="6"/>
      <file name="AddedComment.js" path="/Users/dikhiachmaddani/Documents/Project/idcamp/forum-app/src/Domains/comments/entities/AddedComment.js">
        <metrics statements="11" coveredstatements="11" conditionals="10" coveredconditionals="10" methods="2" coveredmethods="2"/>
        <line num="3" count="9" type="stmt"/>
        <line num="5" count="7" type="stmt"/>
        <line num="7" count="7" type="stmt"/>
        <line num="8" count="7" type="stmt"/>
        <line num="9" count="7" type="stmt"/>
        <line num="13" count="9" type="cond" truecount="5" falsecount="0"/>
        <line num="14" count="1" type="stmt"/>
        <line num="17" count="8" type="cond" truecount="2" falsecount="0"/>
        <line num="22" count="1" type="stmt"/>
        <line num="25" count="7" type="stmt"/>
        <line num="33" count="9" type="stmt"/>
      </file>
      <file name="AddingComment.js" path="/Users/dikhiachmaddani/Documents/Project/idcamp/forum-app/src/Domains/comments/entities/AddingComment.js">
        <metrics statements="8" coveredstatements="8" conditionals="4" coveredconditionals="4" methods="2" coveredmethods="2"/>
        <line num="3" count="9" type="stmt"/>
        <line num="5" count="5" type="stmt"/>
        <line num="7" count="5" type="stmt"/>
        <line num="11" count="9" type="cond" truecount="2" falsecount="0"/>
        <line num="12" count="2" type="stmt"/>
        <line num="15" count="7" type="cond" truecount="2" falsecount="0"/>
        <line num="16" count="2" type="stmt"/>
        <line num="21" count="9" type="stmt"/>
      </file>
      <file name="DetailComment.js" path="/Users/dikhiachmaddani/Documents/Project/idcamp/forum-app/src/Domains/comments/entities/DetailComment.js">
        <metrics statements="13" coveredstatements="13" conditionals="14" coveredconditionals="14" methods="2" coveredmethods="2"/>
        <line num="3" count="8" type="stmt"/>
        <line num="7" count="6" type="stmt"/>
        <line num="9" count="6" type="stmt"/>
        <line num="10" count="6" type="stmt"/>
        <line num="11" count="6" type="stmt"/>
        <line num="12" count="6" type="stmt"/>
        <line num="13" count="6" type="stmt"/>
        <line num="19" count="8" type="cond" truecount="7" falsecount="0"/>
        <line num="20" count="1" type="stmt"/>
        <line num="23" count="7" type="cond" truecount="2" falsecount="0"/>
        <line num="30" count="1" type="stmt"/>
        <line num="33" count="6" type="stmt"/>
        <line num="43" count="9" type="stmt"/>
      </file>
    </package>
    <package name="Domains.replies">
      <metrics statements="6" coveredstatements="6" conditionals="0" coveredconditionals="0" methods="5" coveredmethods="5"/>
      <file name="RepliesRepository.js" path="/Users/dikhiachmaddani/Documents/Project/idcamp/forum-app/src/Domains/replies/RepliesRepository.js">
        <metrics statements="6" coveredstatements="6" conditionals="0" coveredconditionals="0" methods="5" coveredmethods="5"/>
        <line num="4" count="1" type="stmt"/>
        <line num="8" count="1" type="stmt"/>
        <line num="12" count="1" type="stmt"/>
        <line num="16" count="1" type="stmt"/>
        <line num="20" count="1" type="stmt"/>
        <line num="24" count="11" type="stmt"/>
      </file>
    </package>
    <package name="Domains.replies.entities">
      <metrics statements="33" coveredstatements="33" conditionals="30" coveredconditionals="30" methods="6" coveredmethods="6"/>
      <file name="AddedReplies.js" path="/Users/dikhiachmaddani/Documents/Project/idcamp/forum-app/src/Domains/replies/entities/AddedReplies.js">
        <metrics statements="11" coveredstatements="11" conditionals="10" coveredconditionals="10" methods="2" coveredmethods="2"/>
        <line num="3" count="9" type="stmt"/>
        <line num="5" count="7" type="stmt"/>
        <line num="7" count="7" type="stmt"/>
        <line num="8" count="7" type="stmt"/>
        <line num="9" count="7" type="stmt"/>
        <line num="13" count="9" type="cond" truecount="5" falsecount="0"/>
        <line num="14" count="1" type="stmt"/>
        <line num="17" count="8" type="cond" truecount="2" falsecount="0"/>
        <line num="22" count="1" type="stmt"/>
        <line num="25" count="7" type="stmt"/>
        <line num="33" count="9" type="stmt"/>
      </file>
      <file name="AddingReplies.js" path="/Users/dikhiachmaddani/Documents/Project/idcamp/forum-app/src/Domains/replies/entities/AddingReplies.js">
        <metrics statements="8" coveredstatements="8" conditionals="4" coveredconditionals="4" methods="2" coveredmethods="2"/>
        <line num="3" count="9" type="stmt"/>
        <line num="5" count="5" type="stmt"/>
        <line num="7" count="5" type="stmt"/>
        <line num="11" count="9" type="cond" truecount="2" falsecount="0"/>
        <line num="12" count="2" type="stmt"/>
        <line num="15" count="7" type="cond" truecount="2" falsecount="0"/>
        <line num="16" count="2" type="stmt"/>
        <line num="21" count="9" type="stmt"/>
      </file>
      <file name="DetailReplies.js" path="/Users/dikhiachmaddani/Documents/Project/idcamp/forum-app/src/Domains/replies/entities/DetailReplies.js">
        <metrics statements="14" coveredstatements="14" conditionals="16" coveredconditionals="16" methods="2" coveredmethods="2"/>
        <line num="3" count="9" type="stmt"/>
        <line num="7" count="7" type="stmt"/>
        <line num="9" count="7" type="stmt"/>
        <line num="10" count="7" type="stmt"/>
        <line num="11" count="7" type="stmt"/>
        <line num="12" count="7" type="stmt"/>
        <line num="13" count="7" type="stmt"/>
        <line num="14" count="7" type="stmt"/>
        <line num="20" count="9" type="cond" truecount="8" falsecount="0"/>
        <line num="21" count="1" type="stmt"/>
        <line num="24" count="8" type="cond" truecount="2" falsecount="0"/>
        <line num="32" count="1" type="stmt"/>
        <line num="35" count="7" type="stmt"/>
        <line num="46" count="8" type="stmt"/>
      </file>
    </package>
    <package name="Domains.threads">
      <metrics statements="4" coveredstatements="4" conditionals="0" coveredconditionals="0" methods="3" coveredmethods="3"/>
      <file name="ThreadsRepository.js" path="/Users/dikhiachmaddani/Documents/Project/idcamp/forum-app/src/Domains/threads/ThreadsRepository.js">
        <metrics statements="4" coveredstatements="4" conditionals="0" coveredconditionals="0" methods="3" coveredmethods="3"/>
        <line num="4" count="1" type="stmt"/>
        <line num="8" count="1" type="stmt"/>
        <line num="12" count="1" type="stmt"/>
        <line num="16" count="13" type="stmt"/>
      </file>
    </package>
    <package name="Domains.threads.entities">
      <metrics statements="47" coveredstatements="47" conditionals="48" coveredconditionals="48" methods="8" coveredmethods="8"/>
      <file name="AddedThread.js" path="/Users/dikhiachmaddani/Documents/Project/idcamp/forum-app/src/Domains/threads/entities/AddedThread.js">
        <metrics statements="11" coveredstatements="11" conditionals="10" coveredconditionals="10" methods="2" coveredmethods="2"/>
        <line num="3" count="9" type="stmt"/>
        <line num="5" count="7" type="stmt"/>
        <line num="7" count="7" type="stmt"/>
        <line num="8" count="7" type="stmt"/>
        <line num="9" count="7" type="stmt"/>
        <line num="13" count="9" type="cond" truecount="5" falsecount="0"/>
        <line num="14" count="1" type="stmt"/>
        <line num="17" count="8" type="cond" truecount="2" falsecount="0"/>
        <line num="22" count="1" type="stmt"/>
        <line num="25" count="7" type="stmt"/>
        <line num="33" count="10" type="stmt"/>
      </file>
      <file name="AddingThread.js" path="/Users/dikhiachmaddani/Documents/Project/idcamp/forum-app/src/Domains/threads/entities/AddingThread.js">
        <metrics statements="9" coveredstatements="9" conditionals="8" coveredconditionals="8" methods="2" coveredmethods="2"/>
        <line num="3" count="9" type="stmt"/>
        <line num="5" count="5" type="stmt"/>
        <line num="7" count="5" type="stmt"/>
        <line num="8" count="5" type="stmt"/>
        <line num="12" count="9" type="cond" truecount="4" falsecount="0"/>
        <line num="13" count="2" type="stmt"/>
        <line num="16" count="7" type="cond" truecount="4" falsecount="0"/>
        <line num="17" count="2" type="stmt"/>
        <line num="22" count="9" type="stmt"/>
      </file>
      <file name="DetailThread.js" path="/Users/dikhiachmaddani/Documents/Project/idcamp/forum-app/src/Domains/threads/entities/DetailThread.js">
        <metrics statements="13" coveredstatements="13" conditionals="14" coveredconditionals="14" methods="2" coveredmethods="2"/>
        <line num="3" count="8" type="stmt"/>
        <line num="7" count="6" type="stmt"/>
        <line num="9" count="6" type="stmt"/>
        <line num="10" count="6" type="stmt"/>
        <line num="11" count="6" type="stmt"/>
        <line num="12" count="6" type="stmt"/>
        <line num="13" count="6" type="stmt"/>
        <line num="19" count="8" type="cond" truecount="7" falsecount="0"/>
        <line num="20" count="1" type="stmt"/>
        <line num="23" count="7" type="cond" truecount="2" falsecount="0"/>
        <line num="30" count="1" type="stmt"/>
        <line num="33" count="6" type="stmt"/>
        <line num="43" count="10" type="stmt"/>
      </file>
      <file name="GetAllDetailThread.js" path="/Users/dikhiachmaddani/Documents/Project/idcamp/forum-app/src/Domains/threads/entities/GetAllDetailThread.js">
        <metrics statements="14" coveredstatements="14" conditionals="16" coveredconditionals="16" methods="2" coveredmethods="2"/>
        <line num="3" count="6" type="stmt"/>
        <line num="7" count="4" type="stmt"/>
        <line num="9" count="4" type="stmt"/>
        <line num="10" count="4" type="stmt"/>
        <line num="11" count="4" type="stmt"/>
        <line num="12" count="4" type="stmt"/>
        <line num="13" count="4" type="stmt"/>
        <line num="14" count="4" type="stmt"/>
        <line num="20" count="6" type="cond" truecount="8" falsecount="0"/>
        <line num="21" count="1" type="stmt"/>
        <line num="24" count="5" type="cond" truecount="2" falsecount="0"/>
        <line num="32" count="1" type="stmt"/>
        <line num="35" count="4" type="stmt"/>
        <line num="46" count="8" type="stmt"/>
      </file>
    </package>
    <package name="Domains.users">
      <metrics statements="5" coveredstatements="5" conditionals="0" coveredconditionals="0" methods="4" coveredmethods="4"/>
      <file name="UsersRepository.js" path="/Users/dikhiachmaddani/Documents/Project/idcamp/forum-app/src/Domains/users/UsersRepository.js">
        <metrics statements="5" coveredstatements="5" conditionals="0" coveredconditionals="0" methods="4" coveredmethods="4"/>
        <line num="4" count="1" type="stmt"/>
        <line num="8" count="1" type="stmt"/>
        <line num="12" count="1" type="stmt"/>
        <line num="16" count="1" type="stmt"/>
        <line num="20" count="11" type="stmt"/>
      </file>
    </package>
    <package name="Domains.users.entities">
      <metrics statements="26" coveredstatements="26" conditionals="24" coveredconditionals="24" methods="5" coveredmethods="5"/>
      <file name="AddedUser.js" path="/Users/dikhiachmaddani/Documents/Project/idcamp/forum-app/src/Domains/users/entities/AddedUser.js">
        <metrics statements="12" coveredstatements="12" conditionals="10" coveredconditionals="10" methods="3" coveredmethods="3"/>
        <line num="3" count="11" type="stmt"/>
        <line num="4" count="11" type="stmt"/>
        <line num="6" count="9" type="stmt"/>
        <line num="8" count="9" type="stmt"/>
        <line num="9" count="9" type="stmt"/>
        <line num="10" count="9" type="stmt"/>
        <line num="14" count="11" type="stmt"/>
        <line num="22" count="11" type="cond" truecount="5" falsecount="0"/>
        <line num="23" count="1" type="stmt"/>
        <line num="26" count="10" type="cond" truecount="2" falsecount="0"/>
        <line num="31" count="1" type="stmt"/>
        <line num="36" count="8" type="stmt"/>
      </file>
      <file name="AddingUser.js" path="/Users/dikhiachmaddani/Documents/Project/idcamp/forum-app/src/Domains/users/entities/AddingUser.js">
        <metrics statements="14" coveredstatements="14" conditionals="14" coveredconditionals="14" methods="2" coveredmethods="2"/>
        <line num="3" count="12" type="stmt"/>
        <line num="5" count="8" type="stmt"/>
        <line num="7" count="8" type="stmt"/>
        <line num="8" count="8" type="stmt"/>
        <line num="9" count="8" type="stmt"/>
        <line num="13" count="12" type="cond" truecount="5" falsecount="0"/>
        <line num="14" count="1" type="stmt"/>
        <line num="17" count="11" type="cond" truecount="2" falsecount="0"/>
        <line num="22" count="1" type="stmt"/>
        <line num="25" count="10" type="cond" truecount="2" falsecount="0"/>
        <line num="26" count="1" type="stmt"/>
        <line num="29" count="9" type="cond" truecount="2" falsecount="0"/>
        <line num="30" count="1" type="stmt"/>
        <line num="35" count="8" type="stmt"/>
      </file>
    </package>
    <package name="Infrastructures.database.postgres">
      <metrics statements="4" coveredstatements="4" conditionals="0" coveredconditionals="0" methods="0" coveredmethods="0"/>
      <file name="pool.js" path="/Users/dikhiachmaddani/Documents/Project/idcamp/forum-app/src/Infrastructures/database/postgres/pool.js">
        <metrics statements="4" coveredstatements="4" conditionals="0" coveredconditionals="0" methods="0" coveredmethods="0"/>
        <line num="1" count="10" type="stmt"/>
        <line num="2" count="10" type="stmt"/>
        <line num="4" count="10" type="stmt"/>
        <line num="6" count="10" type="stmt"/>
      </file>
    </package>
    <package name="Infrastructures.http">
      <metrics statements="18" coveredstatements="18" conditionals="0" coveredconditionals="0" methods="2" coveredmethods="2"/>
      <file name="createServer.js" path="/Users/dikhiachmaddani/Documents/Project/idcamp/forum-app/src/Infrastructures/http/createServer.js">
        <metrics statements="18" coveredstatements="18" conditionals="0" coveredconditionals="0" methods="2" coveredmethods="2"/>
        <line num="1" count="5" type="stmt"/>
        <line num="2" count="5" type="stmt"/>
        <line num="3" count="5" type="stmt"/>
        <line num="4" count="5" type="stmt"/>
        <line num="5" count="5" type="stmt"/>
        <line num="6" count="5" type="stmt"/>
        <line num="7" count="5" type="stmt"/>
        <line num="8" count="5" type="stmt"/>
        <line num="9" count="5" type="stmt"/>
        <line num="11" count="5" type="stmt"/>
        <line num="12" count="36" type="stmt"/>
        <line num="18" count="36" type="stmt"/>
        <line num="22" count="36" type="stmt"/>
        <line num="30" count="13" type="stmt"/>
        <line num="38" count="36" type="stmt"/>
        <line num="61" count="36" type="stmt"/>
        <line num="63" count="36" type="stmt"/>
        <line num="66" count="5" type="stmt"/>
      </file>
    </package>
    <package name="Infrastructures.repository">
      <metrics statements="110" coveredstatements="110" conditionals="20" coveredconditionals="20" methods="27" coveredmethods="27"/>
      <file name="AuthRepositoryPostgres.js" path="/Users/dikhiachmaddani/Documents/Project/idcamp/forum-app/src/Infrastructures/repository/AuthRepositoryPostgres.js">
        <metrics statements="12" coveredstatements="12" conditionals="2" coveredconditionals="2" methods="4" coveredmethods="4"/>
        <line num="1" count="6" type="stmt"/>
        <line num="2" count="6" type="stmt"/>
        <line num="6" count="5" type="stmt"/>
        <line num="7" count="5" type="stmt"/>
        <line num="11" count="3" type="stmt"/>
        <line num="16" count="3" type="stmt"/>
        <line num="20" count="6" type="stmt"/>
        <line num="25" count="6" type="stmt"/>
        <line num="27" count="6" type="cond" truecount="2" falsecount="0"/>
        <line num="31" count="2" type="stmt"/>
        <line num="36" count="2" type="stmt"/>
        <line num="40" count="6" type="stmt"/>
      </file>
      <file name="CommentsRepositoryPostgres.js" path="/Users/dikhiachmaddani/Documents/Project/idcamp/forum-app/src/Infrastructures/repository/CommentsRepositoryPostgres.js">
        <metrics statements="26" coveredstatements="26" conditionals="4" coveredconditionals="4" methods="7" coveredmethods="7"/>
        <line num="1" count="6" type="stmt"/>
        <line num="2" count="6" type="stmt"/>
        <line num="3" count="6" type="stmt"/>
        <line num="4" count="6" type="stmt"/>
        <line num="5" count="6" type="stmt"/>
        <line num="9" count="10" type="stmt"/>
        <line num="10" count="10" type="stmt"/>
        <line num="11" count="10" type="stmt"/>
        <line num="15" count="2" type="stmt"/>
        <line num="16" count="2" type="stmt"/>
        <line num="18" count="2" type="stmt"/>
        <line num="22" count="2" type="stmt"/>
        <line num="23" count="2" type="stmt"/>
        <line num="27" count="2" type="stmt"/>
        <line num="36" count="2" type="stmt"/>
        <line num="38" count="2" type="stmt"/>
        <line num="42" count="3" type="stmt"/>
        <line num="47" count="3" type="stmt"/>
        <line num="49" count="3" type="cond" truecount="2" falsecount="0"/>
        <line num="53" count="2" type="stmt"/>
        <line num="54" count="2" type="stmt"/>
        <line num="59" count="2" type="stmt"/>
        <line num="63" count="9" type="stmt"/>
        <line num="68" count="9" type="stmt"/>
        <line num="69" count="9" type="cond" truecount="2" falsecount="0"/>
        <line num="73" count="6" type="stmt"/>
      </file>
      <file name="RepliesRepositoryPostgres.js" path="/Users/dikhiachmaddani/Documents/Project/idcamp/forum-app/src/Infrastructures/repository/RepliesRepositoryPostgres.js">
        <metrics statements="29" coveredstatements="29" conditionals="6" coveredconditionals="6" methods="7" coveredmethods="7"/>
        <line num="1" count="6" type="stmt"/>
        <line num="2" count="6" type="stmt"/>
        <line num="3" count="6" type="stmt"/>
        <line num="4" count="6" type="stmt"/>
        <line num="5" count="6" type="stmt"/>
        <line num="9" count="12" type="stmt"/>
        <line num="10" count="12" type="stmt"/>
        <line num="11" count="12" type="stmt"/>
        <line num="15" count="3" type="stmt"/>
        <line num="25" count="3" type="stmt"/>
        <line num="26" count="3" type="stmt"/>
        <line num="27" count="3" type="stmt"/>
        <line num="31" count="2" type="stmt"/>
        <line num="32" count="2" type="stmt"/>
        <line num="33" count="2" type="stmt"/>
        <line num="35" count="2" type="stmt"/>
        <line num="43" count="2" type="stmt"/>
        <line num="44" count="2" type="stmt"/>
        <line num="48" count="2" type="stmt"/>
        <line num="49" count="2" type="stmt"/>
        <line num="54" count="2" type="stmt"/>
        <line num="58" count="4" type="stmt"/>
        <line num="63" count="4" type="stmt"/>
        <line num="64" count="4" type="cond" truecount="2" falsecount="0"/>
        <line num="68" count="4" type="stmt"/>
        <line num="73" count="4" type="stmt"/>
        <line num="74" count="4" type="cond" truecount="2" falsecount="0"/>
        <line num="75" count="3" type="cond" truecount="2" falsecount="0"/>
        <line num="79" count="6" type="stmt"/>
      </file>
      <file name="ThreadsRepositoryPostgres.js" path="/Users/dikhiachmaddani/Documents/Project/idcamp/forum-app/src/Infrastructures/repository/ThreadsRepositoryPostgres.js">
        <metrics statements="19" coveredstatements="19" conditionals="2" coveredconditionals="2" methods="4" coveredmethods="4"/>
        <line num="1" count="6" type="stmt"/>
        <line num="2" count="6" type="stmt"/>
        <line num="3" count="6" type="stmt"/>
        <line num="4" count="6" type="stmt"/>
        <line num="8" count="8" type="stmt"/>
        <line num="9" count="8" type="stmt"/>
        <line num="10" count="8" type="stmt"/>
        <line num="14" count="2" type="stmt"/>
        <line num="21" count="2" type="stmt"/>
        <line num="22" count="2" type="stmt"/>
        <line num="26" count="2" type="stmt"/>
        <line num="27" count="2" type="stmt"/>
        <line num="28" count="2" type="stmt"/>
        <line num="33" count="2" type="stmt"/>
        <line num="34" count="2" type="stmt"/>
        <line num="38" count="12" type="stmt"/>
        <line num="42" count="12" type="stmt"/>
        <line num="43" count="12" type="cond" truecount="2" falsecount="0"/>
        <line num="47" count="6" type="stmt"/>
      </file>
      <file name="UsersRepositoryPostgres.js" path="/Users/dikhiachmaddani/Documents/Project/idcamp/forum-app/src/Infrastructures/repository/UsersRepositoryPostgres.js">
        <metrics statements="24" coveredstatements="24" conditionals="6" coveredconditionals="6" methods="5" coveredmethods="5"/>
        <line num="1" count="6" type="stmt"/>
        <line num="2" count="6" type="stmt"/>
        <line num="3" count="6" type="stmt"/>
        <line num="7" count="9" type="stmt"/>
        <line num="8" count="9" type="stmt"/>
        <line num="9" count="9" type="stmt"/>
        <line num="13" count="6" type="stmt"/>
        <line num="17" count="6" type="stmt"/>
        <line num="18" count="6" type="cond" truecount="2" falsecount="0"/>
        <line num="19" count="4" type="stmt"/>
        <line num="23" count="4" type="stmt"/>
        <line num="27" count="4" type="stmt"/>
        <line num="28" count="4" type="cond" truecount="2" falsecount="0"/>
        <line num="29" count="3" type="stmt"/>
        <line num="30" count="3" type="stmt"/>
        <line num="34" count="5" type="stmt"/>
        <line num="35" count="5" type="stmt"/>
        <line num="37" count="5" type="stmt"/>
        <line num="41" count="5" type="stmt"/>
        <line num="42" count="5" type="stmt"/>
        <line num="46" count="5" type="stmt"/>
        <line num="50" count="5" type="stmt"/>
        <line num="51" count="5" type="cond" truecount="2" falsecount="0"/>
        <line num="55" count="6" type="stmt"/>
      </file>
    </package>
    <package name="Infrastructures.security">
      <metrics statements="22" coveredstatements="22" conditionals="3" coveredconditionals="3" methods="8" coveredmethods="8"/>
      <file name="BcryptPasswordHash.js" path="/Users/dikhiachmaddani/Documents/Project/idcamp/forum-app/src/Infrastructures/security/BcryptPasswordHash.js">
        <metrics statements="9" coveredstatements="9" conditionals="3" coveredconditionals="3" methods="3" coveredmethods="3"/>
        <line num="1" count="6" type="stmt"/>
        <line num="2" count="6" type="stmt"/>
        <line num="6" count="4" type="stmt"/>
        <line num="7" count="4" type="stmt"/>
        <line num="8" count="4" type="stmt"/>
        <line num="12" count="5" type="stmt"/>
        <line num="16" count="5" type="stmt"/>
        <line num="17" count="5" type="cond" truecount="2" falsecount="0"/>
        <line num="21" count="6" type="stmt"/>
      </file>
      <file name="JwtTokenManager.js" path="/Users/dikhiachmaddani/Documents/Project/idcamp/forum-app/src/Infrastructures/security/JwtTokenManager.js">
        <metrics statements="13" coveredstatements="13" conditionals="0" coveredconditionals="0" methods="5" coveredmethods="5"/>
        <line num="1" count="6" type="stmt"/>
        <line num="2" count="6" type="stmt"/>
        <line num="6" count="6" type="stmt"/>
        <line num="7" count="6" type="stmt"/>
        <line num="11" count="6" type="stmt"/>
        <line num="15" count="5" type="stmt"/>
        <line num="19" count="5" type="stmt"/>
        <line num="20" count="5" type="stmt"/>
        <line num="21" count="4" type="stmt"/>
        <line num="23" count="2" type="stmt"/>
        <line num="28" count="2" type="stmt"/>
        <line num="29" count="2" type="stmt"/>
        <line num="33" count="6" type="stmt"/>
      </file>
    </package>
    <package name="Interfaces.http.api.auth">
      <metrics statements="22" coveredstatements="22" conditionals="0" coveredconditionals="0" methods="6" coveredmethods="6"/>
      <file name="handler.js" path="/Users/dikhiachmaddani/Documents/Project/idcamp/forum-app/src/Interfaces/http/api/auth/handler.js">
        <metrics statements="15" coveredstatements="15" conditionals="0" coveredconditionals="0" methods="4" coveredmethods="4"/>
        <line num="1" count="5" type="stmt"/>
        <line num="5" count="36" type="stmt"/>
        <line num="7" count="36" type="stmt"/>
        <line num="11" count="6" type="stmt"/>
        <line num="12" count="6" type="stmt"/>
        <line num="14" count="2" type="stmt"/>
        <line num="21" count="2" type="stmt"/>
        <line num="22" count="2" type="stmt"/>
        <line num="26" count="5" type="stmt"/>
        <line num="28" count="5" type="stmt"/>
        <line num="30" count="1" type="stmt"/>
        <line num="39" count="4" type="stmt"/>
        <line num="41" count="4" type="stmt"/>
        <line num="42" count="1" type="stmt"/>
        <line num="48" count="5" type="stmt"/>
      </file>
      <file name="index.js" path="/Users/dikhiachmaddani/Documents/Project/idcamp/forum-app/src/Interfaces/http/api/auth/index.js">
        <metrics statements="5" coveredstatements="5" conditionals="0" coveredconditionals="0" methods="1" coveredmethods="1"/>
        <line num="1" count="5" type="stmt"/>
        <line num="2" count="5" type="stmt"/>
        <line num="4" count="5" type="stmt"/>
        <line num="7" count="36" type="stmt"/>
        <line num="8" count="36" type="stmt"/>
      </file>
      <file name="routes.js" path="/Users/dikhiachmaddani/Documents/Project/idcamp/forum-app/src/Interfaces/http/api/auth/routes.js">
        <metrics statements="2" coveredstatements="2" conditionals="0" coveredconditionals="0" methods="1" coveredmethods="1"/>
        <line num="1" count="36" type="stmt"/>
        <line num="19" count="5" type="stmt"/>
      </file>
    </package>
    <package name="Interfaces.http.api.comments">
      <metrics statements="23" coveredstatements="23" conditionals="0" coveredconditionals="0" methods="5" coveredmethods="5"/>
      <file name="handler.js" path="/Users/dikhiachmaddani/Documents/Project/idcamp/forum-app/src/Interfaces/http/api/comments/handler.js">
        <metrics statements="16" coveredstatements="16" conditionals="0" coveredconditionals="0" methods="3" coveredmethods="3"/>
        <line num="1" count="5" type="stmt"/>
        <line num="5" count="36" type="stmt"/>
        <line num="7" count="36" type="stmt"/>
        <line num="11" count="3" type="stmt"/>
        <line num="12" count="3" type="stmt"/>
        <line num="14" count="3" type="stmt"/>
        <line num="16" count="1" type="stmt"/>
        <line num="23" count="1" type="stmt"/>
        <line num="24" count="1" type="stmt"/>
        <line num="28" count="2" type="stmt"/>
        <line num="29" count="2" type="stmt"/>
        <line num="31" count="2" type="stmt"/>
        <line num="33" count="1" type="stmt"/>
        <line num="37" count="1" type="stmt"/>
        <line num="39" count="1" type="stmt"/>
        <line num="43" count="5" type="stmt"/>
      </file>
      <file name="index.js" path="/Users/dikhiachmaddani/Documents/Project/idcamp/forum-app/src/Interfaces/http/api/comments/index.js">
        <metrics statements="5" coveredstatements="5" conditionals="0" coveredconditionals="0" methods="1" coveredmethods="1"/>
        <line num="1" count="5" type="stmt"/>
        <line num="2" count="5" type="stmt"/>
        <line num="4" count="5" type="stmt"/>
        <line num="7" count="36" type="stmt"/>
        <line num="8" count="36" type="stmt"/>
      </file>
      <file name="routes.js" path="/Users/dikhiachmaddani/Documents/Project/idcamp/forum-app/src/Interfaces/http/api/comments/routes.js">
        <metrics statements="2" coveredstatements="2" conditionals="0" coveredconditionals="0" methods="1" coveredmethods="1"/>
        <line num="1" count="36" type="stmt"/>
        <line num="20" count="5" type="stmt"/>
      </file>
    </package>
    <package name="Interfaces.http.api.replies">
      <metrics statements="23" coveredstatements="23" conditionals="0" coveredconditionals="0" methods="5" coveredmethods="5"/>
      <file name="handler.js" path="/Users/dikhiachmaddani/Documents/Project/idcamp/forum-app/src/Interfaces/http/api/replies/handler.js">
        <metrics statements="16" coveredstatements="16" conditionals="0" coveredconditionals="0" methods="3" coveredmethods="3"/>
        <line num="1" count="5" type="stmt"/>
        <line num="5" count="36" type="stmt"/>
        <line num="7" count="36" type="stmt"/>
        <line num="11" count="3" type="stmt"/>
        <line num="12" count="3" type="stmt"/>
        <line num="14" count="3" type="stmt"/>
        <line num="20" count="1" type="stmt"/>
        <line num="27" count="1" type="stmt"/>
        <line num="28" count="1" type="stmt"/>
        <line num="32" count="2" type="stmt"/>
        <line num="33" count="2" type="stmt"/>
        <line num="35" count="2" type="stmt"/>
        <line num="37" count="1" type="stmt"/>
        <line num="41" count="1" type="stmt"/>
        <line num="42" count="1" type="stmt"/>
        <line num="46" count="5" type="stmt"/>
      </file>
      <file name="index.js" path="/Users/dikhiachmaddani/Documents/Project/idcamp/forum-app/src/Interfaces/http/api/replies/index.js">
        <metrics statements="5" coveredstatements="5" conditionals="0" coveredconditionals="0" methods="1" coveredmethods="1"/>
        <line num="1" count="5" type="stmt"/>
        <line num="2" count="5" type="stmt"/>
        <line num="4" count="5" type="stmt"/>
        <line num="7" count="36" type="stmt"/>
        <line num="8" count="36" type="stmt"/>
      </file>
      <file name="routes.js" path="/Users/dikhiachmaddani/Documents/Project/idcamp/forum-app/src/Interfaces/http/api/replies/routes.js">
        <metrics statements="2" coveredstatements="2" conditionals="0" coveredconditionals="0" methods="1" coveredmethods="1"/>
        <line num="1" count="36" type="stmt"/>
        <line num="20" count="5" type="stmt"/>
      </file>
    </package>
    <package name="Interfaces.http.api.threads">
      <metrics statements="23" coveredstatements="23" conditionals="0" coveredconditionals="0" methods="5" coveredmethods="5"/>
      <file name="handler.js" path="/Users/dikhiachmaddani/Documents/Project/idcamp/forum-app/src/Interfaces/http/api/threads/handler.js">
        <metrics statements="16" coveredstatements="16" conditionals="0" coveredconditionals="0" methods="3" coveredmethods="3"/>
        <line num="1" count="5" type="stmt"/>
        <line num="5" count="36" type="stmt"/>
        <line num="7" count="36" type="stmt"/>
        <line num="11" count="3" type="stmt"/>
        <line num="12" count="3" type="stmt"/>
        <line num="14" count="3" type="stmt"/>
        <line num="16" count="1" type="stmt"/>
        <line num="22" count="1" type="stmt"/>
        <line num="23" count="1" type="stmt"/>
        <line num="27" count="2" type="stmt"/>
        <line num="28" count="2" type="stmt"/>
        <line num="30" count="2" type="stmt"/>
        <line num="32" count="1" type="stmt"/>
        <line num="38" count="1" type="stmt"/>
        <line num="39" count="1" type="stmt"/>
        <line num="43" count="5" type="stmt"/>
      </file>
      <file name="index.js" path="/Users/dikhiachmaddani/Documents/Project/idcamp/forum-app/src/Interfaces/http/api/threads/index.js">
        <metrics statements="5" coveredstatements="5" conditionals="0" coveredconditionals="0" methods="1" coveredmethods="1"/>
        <line num="1" count="5" type="stmt"/>
        <line num="2" count="5" type="stmt"/>
        <line num="4" count="5" type="stmt"/>
        <line num="7" count="36" type="stmt"/>
        <line num="8" count="36" type="stmt"/>
      </file>
      <file name="routes.js" path="/Users/dikhiachmaddani/Documents/Project/idcamp/forum-app/src/Interfaces/http/api/threads/routes.js">
        <metrics statements="2" coveredstatements="2" conditionals="0" coveredconditionals="0" methods="1" coveredmethods="1"/>
        <line num="1" count="36" type="stmt"/>
        <line num="17" count="5" type="stmt"/>
      </file>
    </package>
    <package name="Interfaces.http.api.users">
      <metrics statements="16" coveredstatements="16" conditionals="0" coveredconditionals="0" methods="4" coveredmethods="4"/>
      <file name="handler.js" path="/Users/dikhiachmaddani/Documents/Project/idcamp/forum-app/src/Interfaces/http/api/users/handler.js">
        <metrics statements="9" coveredstatements="9" conditionals="0" coveredconditionals="0" methods="2" coveredmethods="2"/>
        <line num="1" count="5" type="stmt"/>
        <line num="5" count="36" type="stmt"/>
        <line num="7" count="36" type="stmt"/>
        <line num="11" count="4" type="stmt"/>
        <line num="12" count="4" type="stmt"/>
        <line num="14" count="3" type="stmt"/>
        <line num="20" count="3" type="stmt"/>
        <line num="21" count="3" type="stmt"/>
        <line num="25" count="5" type="stmt"/>
      </file>
      <file name="index.js" path="/Users/dikhiachmaddani/Documents/Project/idcamp/forum-app/src/Interfaces/http/api/users/index.js">
        <metrics statements="5" coveredstatements="5" conditionals="0" coveredconditionals="0" methods="1" coveredmethods="1"/>
        <line num="1" count="5" type="stmt"/>
        <line num="2" count="5" type="stmt"/>
        <line num="4" count="5" type="stmt"/>
        <line num="7" count="36" type="stmt"/>
        <line num="8" count="36" type="stmt"/>
      </file>
      <file name="routes.js" path="/Users/dikhiachmaddani/Documents/Project/idcamp/forum-app/src/Interfaces/http/api/users/routes.js">
        <metrics statements="2" coveredstatements="2" conditionals="0" coveredconditionals="0" methods="1" coveredmethods="1"/>
        <line num="1" count="36" type="stmt"/>
        <line num="9" count="5" type="stmt"/>
      </file>
    </package>
  </project>
</coverage>
