TN:
SF:src/Applications/security/AuthTokenManager.js
FN:3,(anonymous_0)
FN:7,(anonymous_1)
FN:11,(anonymous_2)
FN:15,(anonymous_3)
FNF:4
FNH:4
FNDA:1,(anonymous_0)
FNDA:1,(anonymous_1)
FNDA:1,(anonymous_2)
FNDA:1,(anonymous_3)
DA:4,1
DA:8,1
DA:12,1
DA:16,1
DA:20,10
LF:5
LH:5
BRF:0
BRH:0
end_of_record
TN:
SF:src/Applications/security/PasswordHash.js
FN:3,(anonymous_0)
FNF:1
FNH:1
FNDA:1,(anonymous_0)
DA:4,1
DA:8,11
LF:2
LH:2
BRF:0
BRH:0
end_of_record
TN:
SF:src/Applications/use_case/AuthUseCase.js
FN:6,(anonymous_0)
FN:13,(anonymous_1)
FN:40,(anonymous_2)
FN:51,(anonymous_3)
FNF:4
FNH:4
FNDA:8,(anonymous_0)
FNDA:7,(anonymous_1)
FNDA:8,(anonymous_2)
FNDA:7,(anonymous_3)
DA:1,8
DA:2,8
DA:3,8
DA:7,8
DA:8,8
DA:9,8
DA:10,8
DA:14,7
DA:16,5
DA:19,4
DA:21,3
DA:22,3
DA:26,3
DA:31,3
DA:35,3
DA:37,3
DA:41,8
DA:43,4
DA:44,3
DA:45,2
DA:48,2
DA:52,7
DA:54,3
DA:55,2
DA:59,8
LF:25
LH:25
BRF:0
BRH:0
end_of_record
TN:
SF:src/Applications/use_case/CommentsUseCase.js
FN:4,(anonymous_0)
FN:9,(anonymous_1)
FN:22,(anonymous_2)
FNF:3
FNH:3
FNDA:3,(anonymous_0)
FNDA:4,(anonymous_1)
FNDA:3,(anonymous_2)
DA:1,7
DA:5,3
DA:6,3
DA:10,4
DA:11,4
DA:13,2
DA:15,2
DA:23,3
DA:25,3
DA:26,3
DA:27,2
DA:32,2
DA:36,7
LF:13
LH:13
BRF:0
BRH:0
end_of_record
TN:
SF:src/Applications/use_case/RepliesUseCase.js
FN:4,(anonymous_0)
FN:10,(anonymous_1)
FN:24,(anonymous_2)
FNF:3
FNH:3
FNDA:3,(anonymous_0)
FNDA:4,(anonymous_1)
FNDA:3,(anonymous_2)
DA:1,7
DA:5,3
DA:6,3
DA:7,3
DA:11,4
DA:13,4
DA:14,4
DA:16,4
DA:17,2
DA:25,3
DA:27,3
DA:28,3
DA:29,3
DA:31,2
DA:33,2
DA:37,7
LF:16
LH:16
BRF:0
BRH:0
end_of_record
TN:
SF:src/Applications/use_case/ThreadsUseCase.js
FN:5,(anonymous_0)
FN:11,(anonymous_1)
FN:18,(anonymous_2)
FN:23,(anonymous_3)
FN:24,(anonymous_4)
FN:38,(anonymous_5)
FNF:6
FNH:6
FNDA:3,(anonymous_0)
FNDA:3,(anonymous_1)
FNDA:2,(anonymous_2)
FNDA:2,(anonymous_3)
FNDA:2,(anonymous_4)
FNDA:4,(anonymous_5)
DA:1,7
DA:2,7
DA:6,3
DA:7,3
DA:8,3
DA:12,3
DA:14,2
DA:15,2
DA:16,2
DA:18,2
DA:23,2
DA:24,2
DA:32,2
DA:39,4
DA:41,2
DA:45,7
LF:16
LH:16
BRDA:26,0,0,1
BRDA:26,0,1,1
BRDA:30,1,0,1
BRDA:30,1,1,1
BRF:4
BRH:4
end_of_record
TN:
SF:src/Applications/use_case/UsersUseCase.js
FN:4,(anonymous_0)
FN:9,(anonymous_1)
FNF:2
FNH:2
FNDA:2,(anonymous_0)
FNDA:4,(anonymous_1)
DA:1,6
DA:5,2
DA:6,2
DA:10,4
DA:12,4
DA:13,4
DA:15,4
DA:19,6
LF:8
LH:8
BRF:0
BRH:0
end_of_record
TN:
SF:src/Commons/exceptions/AuthenticationError.js
FN:4,(anonymous_0)
FNF:1
FNH:1
FNDA:3,(anonymous_0)
DA:1,7
DA:5,3
DA:6,3
DA:10,7
LF:4
LH:4
BRF:0
BRH:0
end_of_record
TN:
SF:src/Commons/exceptions/AuthorizationError.js
FN:4,(anonymous_0)
FNF:1
FNH:1
FNDA:3,(anonymous_0)
DA:1,8
DA:5,3
DA:6,3
DA:10,8
LF:4
LH:4
BRF:0
BRH:0
end_of_record
TN:
SF:src/Commons/exceptions/ClientError.js
FN:2,(anonymous_0)
FNF:1
FNH:1
FNDA:249,(anonymous_0)
DA:3,249
DA:5,249
DA:6,1
DA:9,248
DA:10,248
DA:14,18
LF:6
LH:6
BRDA:2,0,0,235
BRDA:5,1,0,1
BRDA:5,1,1,248
BRF:3
BRH:3
end_of_record
TN:
SF:src/Commons/exceptions/DomainErrorTranslator.js
FN:4,(anonymous_0)
FNF:1
FNH:1
FNDA:60,(anonymous_0)
DA:1,6
DA:3,6
DA:5,60
DA:9,6
DA:104,6
LF:5
LH:5
BRDA:5,0,0,60
BRDA:5,0,1,16
BRF:2
BRH:2
end_of_record
TN:
SF:src/Commons/exceptions/InvariantError.js
FN:4,(anonymous_0)
FNF:1
FNH:1
FNDA:234,(anonymous_0)
DA:1,10
DA:5,234
DA:6,234
DA:10,10
LF:4
LH:4
BRF:0
BRH:0
end_of_record
TN:
SF:src/Commons/exceptions/NotFoundError.js
FN:4,(anonymous_0)
FNF:1
FNH:1
FNDA:8,(anonymous_0)
DA:1,9
DA:5,8
DA:6,8
DA:10,9
LF:4
LH:4
BRF:0
BRH:0
end_of_record
TN:
SF:src/Domains/auth/AuthRepository.js
FN:3,(anonymous_0)
FN:7,(anonymous_1)
FN:11,(anonymous_2)
FNF:3
FNH:3
FNDA:1,(anonymous_0)
FNDA:1,(anonymous_1)
FNDA:1,(anonymous_2)
DA:4,1
DA:8,1
DA:12,1
DA:16,10
LF:4
LH:4
BRF:0
BRH:0
end_of_record
TN:
SF:src/Domains/auth/entities/ValidateFieldLogin.js
FN:2,(anonymous_0)
FN:9,(anonymous_1)
FNF:2
FNH:2
FNDA:10,(anonymous_0)
FNDA:10,(anonymous_1)
DA:3,10
DA:5,6
DA:6,6
DA:10,10
DA:12,10
DA:13,2
DA:16,8
DA:17,2
DA:22,9
LF:9
LH:9
BRDA:12,0,0,2
BRDA:12,0,1,8
BRDA:12,1,0,10
BRDA:12,1,1,10
BRDA:16,2,0,2
BRDA:16,2,1,6
BRDA:16,3,0,8
BRDA:16,3,1,7
BRF:8
BRH:8
end_of_record
TN:
SF:src/Domains/auth/entities/ValidateFieldNewAuthToken.js
FN:2,(anonymous_0)
FN:9,(anonymous_1)
FNF:2
FNH:2
FNDA:8,(anonymous_0)
FNDA:8,(anonymous_1)
DA:3,8
DA:5,6
DA:6,6
DA:10,8
DA:11,1
DA:14,7
DA:15,1
DA:20,9
LF:8
LH:8
BRDA:10,0,0,1
BRDA:10,0,1,7
BRDA:10,1,0,8
BRDA:10,1,1,8
BRDA:14,2,0,1
BRDA:14,2,1,6
BRDA:14,3,0,7
BRDA:14,3,1,7
BRF:8
BRH:8
end_of_record
TN:
SF:src/Domains/auth/entities/ValidateFieldRefreshToken.js
FN:2,(anonymous_0)
FN:10,(anonymous_1)
FNF:2
FNH:2
FNDA:18,(anonymous_0)
FNDA:18,(anonymous_1)
DA:3,18
DA:5,8
DA:7,8
DA:11,18
DA:12,5
DA:17,13
DA:18,5
DA:25,9
LF:8
LH:8
BRDA:11,0,0,5
BRDA:11,0,1,13
BRDA:17,1,0,5
BRDA:17,1,1,8
BRF:4
BRH:4
end_of_record
TN:
SF:src/Domains/comments/CommentsRepository.js
FN:3,(anonymous_0)
FN:7,(anonymous_1)
FN:11,(anonymous_2)
FN:15,(anonymous_3)
FN:19,(anonymous_4)
FNF:5
FNH:5
FNDA:1,(anonymous_0)
FNDA:1,(anonymous_1)
FNDA:1,(anonymous_2)
FNDA:1,(anonymous_3)
FNDA:1,(anonymous_4)
DA:4,1
DA:8,1
DA:12,1
DA:16,1
DA:20,1
DA:24,13
LF:6
LH:6
BRF:0
BRH:0
end_of_record
TN:
SF:src/Domains/comments/entities/AddedComment.js
FN:2,(anonymous_0)
FN:12,(anonymous_1)
FNF:2
FNH:2
FNDA:9,(anonymous_0)
FNDA:9,(anonymous_1)
DA:3,9
DA:5,7
DA:7,7
DA:8,7
DA:9,7
DA:13,9
DA:14,1
DA:17,8
DA:22,1
DA:25,7
DA:33,9
LF:11
LH:11
BRDA:13,0,0,1
BRDA:13,0,1,8
BRDA:13,1,0,9
BRDA:13,1,1,8
BRDA:13,1,2,8
BRDA:17,2,0,1
BRDA:17,2,1,7
BRDA:18,3,0,8
BRDA:18,3,1,7
BRDA:18,3,2,7
BRF:10
BRH:10
end_of_record
TN:
SF:src/Domains/comments/entities/AddingComment.js
FN:2,(anonymous_0)
FN:10,(anonymous_1)
FNF:2
FNH:2
FNDA:9,(anonymous_0)
FNDA:9,(anonymous_1)
DA:3,9
DA:5,5
DA:7,5
DA:11,9
DA:12,2
DA:15,7
DA:16,2
DA:21,9
LF:8
LH:8
BRDA:11,0,0,2
BRDA:11,0,1,7
BRDA:15,1,0,2
BRDA:15,1,1,5
BRF:4
BRH:4
end_of_record
TN:
SF:src/Domains/comments/entities/DetailComment.js
FN:2,(anonymous_0)
FN:16,(anonymous_1)
FNF:2
FNH:2
FNDA:8,(anonymous_0)
FNDA:8,(anonymous_1)
DA:3,8
DA:7,6
DA:9,6
DA:10,6
DA:11,6
DA:12,6
DA:13,6
DA:19,8
DA:20,1
DA:23,7
DA:30,1
DA:33,6
DA:43,9
LF:13
LH:13
BRDA:19,0,0,1
BRDA:19,0,1,7
BRDA:19,1,0,8
BRDA:19,1,1,8
BRDA:19,1,2,7
BRDA:19,1,3,7
BRDA:19,1,4,7
BRDA:23,2,0,1
BRDA:23,2,1,6
BRDA:24,3,0,7
BRDA:24,3,1,6
BRDA:24,3,2,6
BRDA:24,3,3,6
BRDA:24,3,4,6
BRF:14
BRH:14
end_of_record
TN:
SF:src/Domains/replies/RepliesRepository.js
FN:3,(anonymous_0)
FN:7,(anonymous_1)
FN:11,(anonymous_2)
FN:15,(anonymous_3)
FN:19,(anonymous_4)
FNF:5
FNH:5
FNDA:1,(anonymous_0)
FNDA:1,(anonymous_1)
FNDA:1,(anonymous_2)
FNDA:1,(anonymous_3)
FNDA:1,(anonymous_4)
DA:4,1
DA:8,1
DA:12,1
DA:16,1
DA:20,1
DA:24,11
LF:6
LH:6
BRF:0
BRH:0
end_of_record
TN:
SF:src/Domains/replies/entities/AddedReplies.js
FN:2,(anonymous_0)
FN:12,(anonymous_1)
FNF:2
FNH:2
FNDA:9,(anonymous_0)
FNDA:9,(anonymous_1)
DA:3,9
DA:5,7
DA:7,7
DA:8,7
DA:9,7
DA:13,9
DA:14,1
DA:17,8
DA:22,1
DA:25,7
DA:33,9
LF:11
LH:11
BRDA:13,0,0,1
BRDA:13,0,1,8
BRDA:13,1,0,9
BRDA:13,1,1,9
BRDA:13,1,2,9
BRDA:17,2,0,1
BRDA:17,2,1,7
BRDA:18,3,0,8
BRDA:18,3,1,7
BRDA:18,3,2,7
BRF:10
BRH:10
end_of_record
TN:
SF:src/Domains/replies/entities/AddingReplies.js
FN:2,(anonymous_0)
FN:10,(anonymous_1)
FNF:2
FNH:2
FNDA:9,(anonymous_0)
FNDA:9,(anonymous_1)
DA:3,9
DA:5,5
DA:7,5
DA:11,9
DA:12,2
DA:15,7
DA:16,2
DA:21,9
LF:8
LH:8
BRDA:11,0,0,2
BRDA:11,0,1,7
BRDA:15,1,0,2
BRDA:15,1,1,5
BRF:4
BRH:4
end_of_record
TN:
SF:src/Domains/replies/entities/DetailReplies.js
FN:2,(anonymous_0)
FN:17,(anonymous_1)
FNF:2
FNH:2
FNDA:9,(anonymous_0)
FNDA:9,(anonymous_1)
DA:3,9
DA:7,7
DA:9,7
DA:10,7
DA:11,7
DA:12,7
DA:13,7
DA:14,7
DA:20,9
DA:21,1
DA:24,8
DA:32,1
DA:35,7
DA:46,8
LF:14
LH:14
BRDA:20,0,0,1
BRDA:20,0,1,8
BRDA:20,1,0,9
BRDA:20,1,1,9
BRDA:20,1,2,8
BRDA:20,1,3,8
BRDA:20,1,4,8
BRDA:20,1,5,8
BRDA:24,2,0,1
BRDA:24,2,1,7
BRDA:25,3,0,8
BRDA:25,3,1,7
BRDA:25,3,2,7
BRDA:25,3,3,7
BRDA:25,3,4,7
BRDA:25,3,5,7
BRF:16
BRH:16
end_of_record
TN:
SF:src/Domains/threads/ThreadsRepository.js
FN:3,(anonymous_0)
FN:7,(anonymous_1)
FN:11,(anonymous_2)
FNF:3
FNH:3
FNDA:1,(anonymous_0)
FNDA:1,(anonymous_1)
FNDA:1,(anonymous_2)
DA:4,1
DA:8,1
DA:12,1
DA:16,13
LF:4
LH:4
BRF:0
BRH:0
end_of_record
TN:
SF:src/Domains/threads/entities/AddedThread.js
FN:2,(anonymous_0)
FN:12,(anonymous_1)
FNF:2
FNH:2
FNDA:9,(anonymous_0)
FNDA:9,(anonymous_1)
DA:3,9
DA:5,7
DA:7,7
DA:8,7
DA:9,7
DA:13,9
DA:14,1
DA:17,8
DA:22,1
DA:25,7
DA:33,10
LF:11
LH:11
BRDA:13,0,0,1
BRDA:13,0,1,8
BRDA:13,1,0,9
BRDA:13,1,1,9
BRDA:13,1,2,9
BRDA:17,2,0,1
BRDA:17,2,1,7
BRDA:18,3,0,8
BRDA:18,3,1,7
BRDA:18,3,2,7
BRF:10
BRH:10
end_of_record
TN:
SF:src/Domains/threads/entities/AddingThread.js
FN:2,(anonymous_0)
FN:11,(anonymous_1)
FNF:2
FNH:2
FNDA:9,(anonymous_0)
FNDA:9,(anonymous_1)
DA:3,9
DA:5,5
DA:7,5
DA:8,5
DA:12,9
DA:13,2
DA:16,7
DA:17,2
DA:22,9
LF:9
LH:9
BRDA:12,0,0,2
BRDA:12,0,1,7
BRDA:12,1,0,9
BRDA:12,1,1,9
BRDA:16,2,0,2
BRDA:16,2,1,5
BRDA:16,3,0,7
BRDA:16,3,1,5
BRF:8
BRH:8
end_of_record
TN:
SF:src/Domains/threads/entities/DetailThread.js
FN:2,(anonymous_0)
FN:16,(anonymous_1)
FNF:2
FNH:2
FNDA:8,(anonymous_0)
FNDA:8,(anonymous_1)
DA:3,8
DA:7,6
DA:9,6
DA:10,6
DA:11,6
DA:12,6
DA:13,6
DA:19,8
DA:20,1
DA:23,7
DA:30,1
DA:33,6
DA:43,10
LF:13
LH:13
BRDA:19,0,0,1
BRDA:19,0,1,7
BRDA:19,1,0,8
BRDA:19,1,1,7
BRDA:19,1,2,7
BRDA:19,1,3,7
BRDA:19,1,4,7
BRDA:23,2,0,1
BRDA:23,2,1,6
BRDA:24,3,0,7
BRDA:24,3,1,6
BRDA:24,3,2,6
BRDA:24,3,3,6
BRDA:24,3,4,6
BRF:14
BRH:14
end_of_record
TN:
SF:src/Domains/threads/entities/GetAllDetailThread.js
FN:2,(anonymous_0)
FN:17,(anonymous_1)
FNF:2
FNH:2
FNDA:6,(anonymous_0)
FNDA:6,(anonymous_1)
DA:3,6
DA:7,4
DA:9,4
DA:10,4
DA:11,4
DA:12,4
DA:13,4
DA:14,4
DA:20,6
DA:21,1
DA:24,5
DA:32,1
DA:35,4
DA:46,8
LF:14
LH:14
BRDA:20,0,0,1
BRDA:20,0,1,5
BRDA:20,1,0,6
BRDA:20,1,1,5
BRDA:20,1,2,5
BRDA:20,1,3,5
BRDA:20,1,4,5
BRDA:20,1,5,5
BRDA:24,2,0,1
BRDA:24,2,1,4
BRDA:25,3,0,5
BRDA:25,3,1,4
BRDA:25,3,2,4
BRDA:25,3,3,4
BRDA:25,3,4,4
BRDA:25,3,5,4
BRF:16
BRH:16
end_of_record
TN:
SF:src/Domains/users/UsersRepository.js
FN:3,(anonymous_0)
FN:7,(anonymous_1)
FN:11,(anonymous_2)
FN:15,(anonymous_3)
FNF:4
FNH:4
FNDA:1,(anonymous_0)
FNDA:1,(anonymous_1)
FNDA:1,(anonymous_2)
FNDA:1,(anonymous_3)
DA:4,1
DA:8,1
DA:12,1
DA:16,1
DA:20,11
LF:5
LH:5
BRF:0
BRH:0
end_of_record
TN:
SF:src/Domains/users/entities/AddedUser.js
FN:2,(anonymous_0)
FN:13,(anonymous_1)
FN:21,(anonymous_2)
FNF:3
FNH:3
FNDA:11,(anonymous_0)
FNDA:11,(anonymous_1)
FNDA:11,(anonymous_2)
DA:3,11
DA:4,11
DA:6,9
DA:8,9
DA:9,9
DA:10,9
DA:14,11
DA:22,11
DA:23,1
DA:26,10
DA:31,1
DA:36,8
LF:12
LH:12
BRDA:22,0,0,1
BRDA:22,0,1,10
BRDA:22,1,0,11
BRDA:22,1,1,10
BRDA:22,1,2,10
BRDA:26,2,0,1
BRDA:26,2,1,9
BRDA:27,3,0,10
BRDA:27,3,1,9
BRDA:27,3,2,9
BRF:10
BRH:10
end_of_record
TN:
SF:src/Domains/users/entities/AddingUser.js
FN:2,(anonymous_0)
FN:12,(anonymous_1)
FNF:2
FNH:2
FNDA:12,(anonymous_0)
FNDA:12,(anonymous_1)
DA:3,12
DA:5,8
DA:7,8
DA:8,8
DA:9,8
DA:13,12
DA:14,1
DA:17,11
DA:22,1
DA:25,10
DA:26,1
DA:29,9
DA:30,1
DA:35,8
LF:14
LH:14
BRDA:13,0,0,1
BRDA:13,0,1,11
BRDA:13,1,0,12
BRDA:13,1,1,12
BRDA:13,1,2,12
BRDA:17,2,0,1
BRDA:17,2,1,10
BRDA:18,3,0,11
BRDA:18,3,1,10
BRDA:18,3,2,10
BRDA:25,4,0,1
BRDA:25,4,1,9
BRDA:29,5,0,1
BRDA:29,5,1,8
BRF:14
BRH:14
end_of_record
TN:
SF:src/Infrastructures/database/postgres/pool.js
FNF:0
FNH:0
DA:1,10
DA:2,10
DA:4,10
DA:6,10
LF:4
LH:4
BRF:0
BRH:0
end_of_record
TN:
SF:src/Infrastructures/http/createServer.js
FN:11,(anonymous_0)
FN:30,(anonymous_1)
FNF:2
FNH:2
FNDA:36,(anonymous_0)
FNDA:13,(anonymous_1)
DA:1,5
DA:2,5
DA:3,5
DA:4,5
DA:5,5
DA:6,5
DA:7,5
DA:8,5
DA:9,5
DA:11,5
DA:12,36
DA:18,36
DA:22,36
DA:30,13
DA:38,36
DA:61,36
DA:63,36
DA:66,5
LF:18
LH:18
BRF:0
BRH:0
end_of_record
TN:
SF:src/Infrastructures/repository/AuthRepositoryPostgres.js
FN:5,(anonymous_0)
FN:10,(anonymous_1)
FN:19,(anonymous_2)
FN:30,(anonymous_3)
FNF:4
FNH:4
FNDA:5,(anonymous_0)
FNDA:3,(anonymous_1)
FNDA:6,(anonymous_2)
FNDA:2,(anonymous_3)
DA:1,6
DA:2,6
DA:6,5
DA:7,5
DA:11,3
DA:16,3
DA:20,6
DA:25,6
DA:27,6
DA:31,2
DA:36,2
DA:40,6
LF:12
LH:12
BRDA:27,0,0,3
BRDA:27,0,1,3
BRF:2
BRH:2
end_of_record
TN:
SF:src/Infrastructures/repository/CommentsRepositoryPostgres.js
FN:8,(anonymous_0)
FN:14,(anonymous_1)
FN:26,(anonymous_2)
FN:38,(anonymous_3)
FN:41,(anonymous_4)
FN:52,(anonymous_5)
FN:62,(anonymous_6)
FNF:7
FNH:7
FNDA:10,(anonymous_0)
FNDA:2,(anonymous_1)
FNDA:2,(anonymous_2)
FNDA:2,(anonymous_3)
FNDA:3,(anonymous_4)
FNDA:2,(anonymous_5)
FNDA:9,(anonymous_6)
DA:1,6
DA:2,6
DA:3,6
DA:4,6
DA:5,6
DA:9,10
DA:10,10
DA:11,10
DA:15,2
DA:16,2
DA:18,2
DA:22,2
DA:23,2
DA:27,2
DA:36,2
DA:38,2
DA:42,3
DA:47,3
DA:49,3
DA:53,2
DA:54,2
DA:59,2
DA:63,9
DA:68,9
DA:69,9
DA:73,6
LF:26
LH:26
BRDA:49,0,0,1
BRDA:49,0,1,2
BRDA:69,1,0,2
BRDA:69,1,1,7
BRF:4
BRH:4
end_of_record
TN:
SF:src/Infrastructures/repository/RepliesRepositoryPostgres.js
FN:8,(anonymous_0)
FN:14,(anonymous_1)
FN:26,(anonymous_2)
FN:30,(anonymous_3)
FN:47,(anonymous_4)
FN:57,(anonymous_5)
FN:67,(anonymous_6)
FNF:7
FNH:7
FNDA:12,(anonymous_0)
FNDA:3,(anonymous_1)
FNDA:2,(anonymous_2)
FNDA:2,(anonymous_3)
FNDA:2,(anonymous_4)
FNDA:4,(anonymous_5)
FNDA:4,(anonymous_6)
DA:1,6
DA:2,6
DA:3,6
DA:4,6
DA:5,6
DA:9,12
DA:10,12
DA:11,12
DA:15,3
DA:25,3
DA:26,3
DA:27,3
DA:31,2
DA:32,2
DA:33,2
DA:35,2
DA:43,2
DA:44,2
DA:48,2
DA:49,2
DA:54,2
DA:58,4
DA:63,4
DA:64,4
DA:68,4
DA:73,4
DA:74,4
DA:75,3
DA:79,6
LF:29
LH:29
BRDA:64,0,0,2
BRDA:64,0,1,2
BRDA:74,1,0,1
BRDA:74,1,1,3
BRDA:75,2,0,1
BRDA:75,2,1,2
BRF:6
BRH:6
end_of_record
TN:
SF:src/Infrastructures/repository/ThreadsRepositoryPostgres.js
FN:7,(anonymous_0)
FN:13,(anonymous_1)
FN:25,(anonymous_2)
FN:37,(anonymous_3)
FNF:4
FNH:4
FNDA:8,(anonymous_0)
FNDA:2,(anonymous_1)
FNDA:2,(anonymous_2)
FNDA:12,(anonymous_3)
DA:1,6
DA:2,6
DA:3,6
DA:4,6
DA:8,8
DA:9,8
DA:10,8
DA:14,2
DA:21,2
DA:22,2
DA:26,2
DA:27,2
DA:28,2
DA:33,2
DA:34,2
DA:38,12
DA:42,12
DA:43,12
DA:47,6
LF:19
LH:19
BRDA:43,0,0,2
BRDA:43,0,1,10
BRF:2
BRH:2
end_of_record
TN:
SF:src/Infrastructures/repository/UsersRepositoryPostgres.js
FN:6,(anonymous_0)
FN:12,(anonymous_1)
FN:22,(anonymous_2)
FN:33,(anonymous_3)
FN:45,(anonymous_4)
FNF:5
FNH:5
FNDA:9,(anonymous_0)
FNDA:6,(anonymous_1)
FNDA:4,(anonymous_2)
FNDA:5,(anonymous_3)
FNDA:5,(anonymous_4)
DA:1,6
DA:2,6
DA:3,6
DA:7,9
DA:8,9
DA:9,9
DA:13,6
DA:17,6
DA:18,6
DA:19,4
DA:23,4
DA:27,4
DA:28,4
DA:29,3
DA:30,3
DA:34,5
DA:35,5
DA:37,5
DA:41,5
DA:42,5
DA:46,5
DA:50,5
DA:51,5
DA:55,6
LF:24
LH:24
BRDA:18,0,0,2
BRDA:18,0,1,4
BRDA:28,1,0,1
BRDA:28,1,1,3
BRDA:51,2,0,1
BRDA:51,2,1,4
BRF:6
BRH:6
end_of_record
TN:
SF:src/Infrastructures/security/BcryptPasswordHash.js
FN:5,(anonymous_0)
FN:11,(anonymous_1)
FN:15,(anonymous_2)
FNF:3
FNH:3
FNDA:4,(anonymous_0)
FNDA:5,(anonymous_1)
FNDA:5,(anonymous_2)
DA:1,6
DA:2,6
DA:6,4
DA:7,4
DA:8,4
DA:12,5
DA:16,5
DA:17,5
DA:21,6
LF:9
LH:9
BRDA:5,0,0,4
BRDA:17,1,0,2
BRDA:17,1,1,3
BRF:3
BRH:3
end_of_record
TN:
SF:src/Infrastructures/security/JwtTokenManager.js
FN:5,(anonymous_0)
FN:10,(anonymous_1)
FN:14,(anonymous_2)
FN:18,(anonymous_3)
FN:27,(anonymous_4)
FNF:5
FNH:5
FNDA:6,(anonymous_0)
FNDA:6,(anonymous_1)
FNDA:5,(anonymous_2)
FNDA:5,(anonymous_3)
FNDA:2,(anonymous_4)
DA:1,6
DA:2,6
DA:6,6
DA:7,6
DA:11,6
DA:15,5
DA:19,5
DA:20,5
DA:21,4
DA:23,2
DA:28,2
DA:29,2
DA:33,6
LF:13
LH:13
BRF:0
BRH:0
end_of_record
TN:
SF:src/Interfaces/http/api/auth/handler.js
FN:4,(anonymous_0)
FN:10,(anonymous_1)
FN:25,(anonymous_2)
FN:38,(anonymous_3)
FNF:4
FNH:4
FNDA:36,(anonymous_0)
FNDA:6,(anonymous_1)
FNDA:5,(anonymous_2)
FNDA:4,(anonymous_3)
DA:1,5
DA:5,36
DA:7,36
DA:11,6
DA:12,6
DA:14,2
DA:21,2
DA:22,2
DA:26,5
DA:28,5
DA:30,1
DA:39,4
DA:41,4
DA:42,1
DA:48,5
LF:15
LH:15
BRF:0
BRH:0
end_of_record
TN:
SF:src/Interfaces/http/api/auth/index.js
FN:6,(anonymous_0)
FNF:1
FNH:1
FNDA:36,(anonymous_0)
DA:1,5
DA:2,5
DA:4,5
DA:7,36
DA:8,36
LF:5
LH:5
BRF:0
BRH:0
end_of_record
TN:
SF:src/Interfaces/http/api/auth/routes.js
FN:1,(anonymous_0)
FNF:1
FNH:1
FNDA:36,(anonymous_0)
DA:1,36
DA:19,5
LF:2
LH:2
BRF:0
BRH:0
end_of_record
TN:
SF:src/Interfaces/http/api/comments/handler.js
FN:4,(anonymous_0)
FN:10,(anonymous_1)
FN:27,(anonymous_2)
FNF:3
FNH:3
FNDA:36,(anonymous_0)
FNDA:3,(anonymous_1)
FNDA:2,(anonymous_2)
DA:1,5
DA:5,36
DA:7,36
DA:11,3
DA:12,3
DA:14,3
DA:16,1
DA:23,1
DA:24,1
DA:28,2
DA:29,2
DA:31,2
DA:33,1
DA:37,1
DA:39,1
DA:43,5
LF:16
LH:16
BRF:0
BRH:0
end_of_record
TN:
SF:src/Interfaces/http/api/comments/index.js
FN:6,(anonymous_0)
FNF:1
FNH:1
FNDA:36,(anonymous_0)
DA:1,5
DA:2,5
DA:4,5
DA:7,36
DA:8,36
LF:5
LH:5
BRF:0
BRH:0
end_of_record
TN:
SF:src/Interfaces/http/api/comments/routes.js
FN:1,(anonymous_0)
FNF:1
FNH:1
FNDA:36,(anonymous_0)
DA:1,36
DA:20,5
LF:2
LH:2
BRF:0
BRH:0
end_of_record
TN:
SF:src/Interfaces/http/api/replies/handler.js
FN:4,(anonymous_0)
FN:10,(anonymous_1)
FN:31,(anonymous_2)
FNF:3
FNH:3
FNDA:36,(anonymous_0)
FNDA:3,(anonymous_1)
FNDA:2,(anonymous_2)
DA:1,5
DA:5,36
DA:7,36
DA:11,3
DA:12,3
DA:14,3
DA:20,1
DA:27,1
DA:28,1
DA:32,2
DA:33,2
DA:35,2
DA:37,1
DA:41,1
DA:42,1
DA:46,5
LF:16
LH:16
BRF:0
BRH:0
end_of_record
TN:
SF:src/Interfaces/http/api/replies/index.js
FN:6,(anonymous_0)
FNF:1
FNH:1
FNDA:36,(anonymous_0)
DA:1,5
DA:2,5
DA:4,5
DA:7,36
DA:8,36
LF:5
LH:5
BRF:0
BRH:0
end_of_record
TN:
SF:src/Interfaces/http/api/replies/routes.js
FN:1,(anonymous_0)
FNF:1
FNH:1
FNDA:36,(anonymous_0)
DA:1,36
DA:20,5
LF:2
LH:2
BRF:0
BRH:0
end_of_record
TN:
SF:src/Interfaces/http/api/threads/handler.js
FN:4,(anonymous_0)
FN:10,(anonymous_1)
FN:26,(anonymous_2)
FNF:3
FNH:3
FNDA:36,(anonymous_0)
FNDA:3,(anonymous_1)
FNDA:2,(anonymous_2)
DA:1,5
DA:5,36
DA:7,36
DA:11,3
DA:12,3
DA:14,3
DA:16,1
DA:22,1
DA:23,1
DA:27,2
DA:28,2
DA:30,2
DA:32,1
DA:38,1
DA:39,1
DA:43,5
LF:16
LH:16
BRF:0
BRH:0
end_of_record
TN:
SF:src/Interfaces/http/api/threads/index.js
FN:6,(anonymous_0)
FNF:1
FNH:1
FNDA:36,(anonymous_0)
DA:1,5
DA:2,5
DA:4,5
DA:7,36
DA:8,36
LF:5
LH:5
BRF:0
BRH:0
end_of_record
TN:
SF:src/Interfaces/http/api/threads/routes.js
FN:1,(anonymous_0)
FNF:1
FNH:1
FNDA:36,(anonymous_0)
DA:1,36
DA:17,5
LF:2
LH:2
BRF:0
BRH:0
end_of_record
TN:
SF:src/Interfaces/http/api/users/handler.js
FN:4,(anonymous_0)
FN:10,(anonymous_1)
FNF:2
FNH:2
FNDA:36,(anonymous_0)
FNDA:4,(anonymous_1)
DA:1,5
DA:5,36
DA:7,36
DA:11,4
DA:12,4
DA:14,3
DA:20,3
DA:21,3
DA:25,5
LF:9
LH:9
BRF:0
BRH:0
end_of_record
TN:
SF:src/Interfaces/http/api/users/index.js
FN:6,(anonymous_0)
FNF:1
FNH:1
FNDA:36,(anonymous_0)
DA:1,5
DA:2,5
DA:4,5
DA:7,36
DA:8,36
LF:5
LH:5
BRF:0
BRH:0
end_of_record
TN:
SF:src/Interfaces/http/api/users/routes.js
FN:1,(anonymous_0)
FNF:1
FNH:1
FNDA:36,(anonymous_0)
DA:1,36
DA:9,5
LF:2
LH:2
BRF:0
BRH:0
end_of_record
